<?xml version="1.0" encoding="UTF-8"?>
<testng-results skipped="0" failed="0" ignored="0" total="1" passed="1">
  <reporter-output>
  </reporter-output>
  <suite name="Default suite" duration-ms="51960" started-at="2019-11-08T23:11:59Z" finished-at="2019-11-08T23:12:50Z">
    <groups>
    </groups>
    <test name="Default test" duration-ms="51960" started-at="2019-11-08T23:11:59Z" finished-at="2019-11-08T23:12:50Z">
      <class name="com.supplierinvoice.supplierinvoice_create">
        <test-method status="PASS" signature="UserLogin()[pri:0, instance:com.supplierinvoice.supplierinvoice_create@4f2b503c]" name="UserLogin" is-config="true" duration-ms="9109" started-at="2019-11-08T23:11:59Z" finished-at="2019-11-08T23:12:08Z">
          <reporter-output>
          </reporter-output>
        </test-method> <!-- UserLogin -->
        <test-method status="PASS" signature="supplierinvoice_create()[pri:0, instance:com.supplierinvoice.supplierinvoice_create@4f2b503c]" name="supplierinvoice_create" duration-ms="42829" started-at="2019-11-08T23:12:08Z" finished-at="2019-11-08T23:12:50Z">
          <reporter-output>
          </reporter-output>
        </test-method> <!-- supplierinvoice_create -->
      </class> <!-- com.supplierinvoice.supplierinvoice_create -->
    </test> <!-- Default test -->
  </suite> <!-- Default suite -->
</testng-results>
